<?xml version="1.0" ?>
<!DOCTYPE coverage SYSTEM "http://cobertura.sourceforge.net/xml/coverage-04.dtd">
<coverage lines-valid="772" lines-covered="765" line-rate="0.9909" branches-valid="419" branches-covered="309" branch-rate="0.7373999999999999" timestamp="1717757951031" complexity="0" version="0.1">
  <sources>
    <source>C:/Rep/code/graphgadget</source>
  </sources>
  <packages>
    <package name="src" line-rate="1" branch-rate="1">
      <classes>
        <class name="CustomErrors.ts" filename="src\CustomErrors.ts" line-rate="1" branch-rate="1">
          <methods>
            <method name="(anonymous_0)" hits="4" signature="()V">
              <lines>
                <line number="5" hits="4"/>
              </lines>
            </method>
          </methods>
          <lines>
            <line number="6" hits="4" branch="false"/>
            <line number="7" hits="4" branch="false"/>
          </lines>
        </class>
      </classes>
    </package>
    <package name="src.lib" line-rate="1" branch-rate="1">
      <classes>
        <class name="Store.ts" filename="src\lib\Store.ts" line-rate="1" branch-rate="1">
          <methods>
          </methods>
          <lines>
            <line number="5" hits="23" branch="false"/>
            <line number="6" hits="23" branch="false"/>
            <line number="11" hits="23" branch="false"/>
            <line number="33" hits="23" branch="false"/>
            <line number="37" hits="23" branch="false"/>
            <line number="42" hits="23" branch="false"/>
            <line number="46" hits="23" branch="false"/>
            <line number="50" hits="23" branch="false"/>
            <line number="55" hits="23" branch="false"/>
          </lines>
        </class>
      </classes>
    </package>
    <package name="src.lib.column-selector" line-rate="1" branch-rate="0.9428">
      <classes>
        <class name="ColumnHelper.ts" filename="src\lib\column-selector\ColumnHelper.ts" line-rate="1" branch-rate="1">
          <methods>
            <method name="getNumericalColumnsAndMax" hits="1" signature="()V">
              <lines>
                <line number="9" hits="1"/>
              </lines>
            </method>
            <method name="getNumericalColumns" hits="22" signature="()V">
              <lines>
                <line number="48" hits="22"/>
              </lines>
            </method>
            <method name="getNonNumericalColumns" hits="50" signature="()V">
              <lines>
                <line number="82" hits="50"/>
              </lines>
            </method>
          </methods>
          <lines>
            <line number="10" hits="1" branch="false"/>
            <line number="12" hits="1" branch="false"/>
            <line number="13" hits="5" branch="false"/>
            <line number="14" hits="5" branch="false"/>
            <line number="16" hits="5" branch="false"/>
            <line number="17" hits="20" branch="false"/>
            <line number="18" hits="20" branch="true" condition-coverage="100% (2/2)"/>
            <line number="19" hits="1" branch="false"/>
            <line number="21" hits="19" branch="false"/>
            <line number="23" hits="19" branch="true" condition-coverage="100% (2/2)"/>
            <line number="25" hits="2" branch="false"/>
            <line number="26" hits="2" branch="false"/>
            <line number="29" hits="17" branch="true" condition-coverage="100% (2/2)"/>
            <line number="30" hits="11" branch="false"/>
            <line number="34" hits="5" branch="true" condition-coverage="100% (2/2)"/>
            <line number="35" hits="3" branch="false"/>
            <line number="39" hits="1" branch="false"/>
            <line number="49" hits="22" branch="false"/>
            <line number="51" hits="22" branch="false"/>
            <line number="52" hits="60" branch="false"/>
            <line number="54" hits="60" branch="false"/>
            <line number="55" hits="139" branch="false"/>
            <line number="56" hits="139" branch="true" condition-coverage="100% (2/2)"/>
            <line number="57" hits="1" branch="false"/>
            <line number="59" hits="138" branch="false"/>
            <line number="61" hits="138" branch="true" condition-coverage="100% (2/2)"/>
            <line number="63" hits="19" branch="false"/>
            <line number="64" hits="19" branch="false"/>
            <line number="68" hits="60" branch="true" condition-coverage="100% (2/2)"/>
            <line number="69" hits="41" branch="false"/>
            <line number="73" hits="22" branch="false"/>
            <line number="83" hits="50" branch="false"/>
            <line number="85" hits="50" branch="false"/>
            <line number="86" hits="85" branch="false"/>
            <line number="88" hits="85" branch="false"/>
            <line number="89" hits="242" branch="false"/>
            <line number="90" hits="242" branch="true" condition-coverage="100% (2/2)"/>
            <line number="91" hits="1" branch="false"/>
            <line number="93" hits="241" branch="false"/>
            <line number="95" hits="241" branch="true" condition-coverage="100% (2/2)"/>
            <line number="96" hits="19" branch="false"/>
            <line number="97" hits="19" branch="false"/>
            <line number="101" hits="85" branch="true" condition-coverage="100% (2/2)"/>
            <line number="102" hits="19" branch="false"/>
            <line number="106" hits="50" branch="false"/>
          </lines>
        </class>
        <class name="ColumnSelector.svelte" filename="src\lib\column-selector\ColumnSelector.svelte" line-rate="1" branch-rate="0.92">
          <methods>
            <method name="(anonymous_44)" hits="105" signature="()V">
              <lines>
                <line number="27" hits="105"/>
              </lines>
            </method>
            <method name="(anonymous_45)" hits="75" signature="()V">
              <lines>
                <line number="34" hits="75"/>
              </lines>
            </method>
          </methods>
          <lines>
            <line number="14" hits="18" branch="false"/>
            <line number="15" hits="18" branch="false"/>
            <line number="16" hits="18" branch="false"/>
            <line number="17" hits="18" branch="false"/>
            <line number="18" hits="18" branch="false"/>
            <line number="19" hits="36" branch="false"/>
            <line number="20" hits="26" branch="false"/>
            <line number="21" hits="24" branch="false"/>
            <line number="26" hits="72" branch="false"/>
            <line number="27" hits="105" branch="true" condition-coverage="100% (2/2)"/>
            <line number="33" hits="52" branch="false"/>
            <line number="34" hits="75" branch="false"/>
            <line number="41" hits="2" branch="false"/>
            <line number="45" hits="18" branch="false"/>
            <line number="46" hits="18" branch="false"/>
            <line number="47" hits="18" branch="false"/>
            <line number="48" hits="18" branch="false"/>
            <line number="51" hits="50" branch="false"/>
            <line number="52" hits="53" branch="false"/>
            <line number="53" hits="53" branch="false"/>
            <line number="54" hits="53" branch="false"/>
            <line number="55" hits="138" branch="true" condition-coverage="50% (1/2)"/>
            <line number="56" hits="53" branch="true" condition-coverage="100% (2/2)"/>
            <line number="57" hits="53" branch="true" condition-coverage="100% (2/2)"/>
            <line number="58" hits="53" branch="true" condition-coverage="100% (2/2)"/>
            <line number="62" hits="53" branch="false"/>
            <line number="63" hits="53" branch="true" condition-coverage="100% (2/2)"/>
            <line number="65" hits="138" branch="true" condition-coverage="100% (4/4)"/>
            <line number="67" hits="205" branch="true" condition-coverage="100% (4/4)"/>
            <line number="68" hits="12" branch="false"/>
            <line number="69" hits="12" branch="false"/>
            <line number="73" hits="20" branch="true" condition-coverage="100% (2/2)"/>
            <line number="74" hits="12" branch="true" condition-coverage="100% (2/2)"/>
            <line number="75" hits="12" branch="true" condition-coverage="100% (2/2)"/>
            <line number="85" hits="18" branch="false"/>
            <line number="86" hits="18" branch="false"/>
            <line number="87" hits="18" branch="false"/>
            <line number="90" hits="44" branch="false"/>
            <line number="91" hits="37" branch="false"/>
            <line number="92" hits="37" branch="false"/>
            <line number="93" hits="37" branch="false"/>
            <line number="94" hits="75" branch="true" condition-coverage="50% (1/2)"/>
            <line number="95" hits="37" branch="true" condition-coverage="100% (2/2)"/>
            <line number="96" hits="37" branch="true" condition-coverage="100% (2/2)"/>
            <line number="97" hits="37" branch="true" condition-coverage="100% (2/2)"/>
            <line number="101" hits="37" branch="false"/>
            <line number="102" hits="37" branch="true" condition-coverage="100% (2/2)"/>
            <line number="104" hits="68" branch="true" condition-coverage="100% (4/4)"/>
            <line number="109" hits="18" branch="false"/>
            <line number="110" hits="18" branch="false"/>
            <line number="111" hits="18" branch="false"/>
            <line number="112" hits="26" branch="true" condition-coverage="50% (1/2)"/>
            <line number="113" hits="18" branch="false"/>
            <line number="114" hits="18" branch="false"/>
            <line number="115" hits="18" branch="false"/>
            <line number="119" hits="18" branch="false"/>
            <line number="120" hits="18" branch="false"/>
            <line number="122" hits="18" branch="false"/>
            <line number="126" hits="18" branch="false"/>
            <line number="127" hits="18" branch="false"/>
            <line number="128" hits="18" branch="false"/>
            <line number="129" hits="26" branch="true" condition-coverage="50% (1/2)"/>
            <line number="130" hits="18" branch="false"/>
            <line number="131" hits="18" branch="false"/>
            <line number="132" hits="18" branch="false"/>
            <line number="136" hits="18" branch="false"/>
            <line number="137" hits="18" branch="false"/>
            <line number="139" hits="18" branch="false"/>
            <line number="145" hits="18" branch="false"/>
            <line number="146" hits="18" branch="false"/>
            <line number="151" hits="52" branch="true" condition-coverage="100% (6/6)"/>
          </lines>
        </class>
      </classes>
    </package>
    <package name="src.lib.exporter.jpg" line-rate="1" branch-rate="0.5">
      <classes>
        <class name="JPGButton.svelte" filename="src\lib\exporter\jpg\JPGButton.svelte" line-rate="1" branch-rate="0.5">
          <methods>
          </methods>
          <lines>
            <line number="7" hits="29" branch="false"/>
            <line number="10" hits="29" branch="false"/>
            <line number="16" hits="1" branch="false"/>
            <line number="17" hits="1" branch="false"/>
            <line number="18" hits="1" branch="false"/>
            <line number="19" hits="1" branch="false"/>
            <line number="20" hits="1" branch="false"/>
            <line number="21" hits="1" branch="false"/>
            <line number="25" hits="29" branch="false"/>
            <line number="26" hits="29" branch="false"/>
            <line number="28" hits="29" branch="false"/>
            <line number="34" hits="29" branch="true" condition-coverage="50% (1/2)"/>
            <line number="35" hits="1" branch="false"/>
          </lines>
        </class>
      </classes>
    </package>
    <package name="src.lib.exporter.latex" line-rate="1" branch-rate="0.8332999999999999">
      <classes>
        <class name="LatexExporter.svelte" filename="src\lib\exporter\latex\LatexExporter.svelte" line-rate="1" branch-rate="0.5">
          <methods>
            <method name="(anonymous_15)" hits="1" signature="()V">
              <lines>
                <line number="14" hits="1"/>
              </lines>
            </method>
          </methods>
          <lines>
            <line number="5" hits="7" branch="false"/>
            <line number="8" hits="7" branch="false"/>
            <line number="10" hits="28" branch="false"/>
            <line number="11" hits="14" branch="false"/>
            <line number="14" hits="1" branch="false"/>
            <line number="18" hits="7" branch="false"/>
            <line number="19" hits="7" branch="false"/>
            <line number="22" hits="7" branch="true" condition-coverage="50% (1/2)"/>
            <line number="23" hits="1" branch="false"/>
          </lines>
        </class>
        <class name="LatexExporterController.ts" filename="src\lib\exporter\latex\LatexExporterController.ts" line-rate="1" branch-rate="1">
          <methods>
            <method name="convertToLatex" hits="17" signature="()V">
              <lines>
                <line number="1" hits="17"/>
              </lines>
            </method>
            <method name="(anonymous_1)" hits="3" signature="()V">
              <lines>
                <line number="7" hits="3"/>
              </lines>
            </method>
          </methods>
          <lines>
            <line number="2" hits="17" branch="true" condition-coverage="100% (4/4)"/>
            <line number="3" hits="16" branch="false"/>
            <line number="5" hits="1" branch="false"/>
            <line number="7" hits="3" branch="false"/>
            <line number="8" hits="1" branch="false"/>
            <line number="10" hits="1" branch="false"/>
          </lines>
        </class>
      </classes>
    </package>
    <package name="src.lib.exporter.png" line-rate="1" branch-rate="0.5">
      <classes>
        <class name="PNGButton.svelte" filename="src\lib\exporter\png\PNGButton.svelte" line-rate="1" branch-rate="0.5">
          <methods>
          </methods>
          <lines>
            <line number="7" hits="29" branch="false"/>
            <line number="10" hits="29" branch="false"/>
            <line number="16" hits="1" branch="false"/>
            <line number="17" hits="1" branch="false"/>
            <line number="18" hits="1" branch="false"/>
            <line number="19" hits="1" branch="false"/>
            <line number="20" hits="1" branch="false"/>
            <line number="21" hits="1" branch="false"/>
            <line number="25" hits="29" branch="false"/>
            <line number="26" hits="29" branch="false"/>
            <line number="28" hits="29" branch="false"/>
            <line number="34" hits="29" branch="true" condition-coverage="50% (1/2)"/>
            <line number="35" hits="1" branch="false"/>
          </lines>
        </class>
      </classes>
    </package>
    <package name="src.lib.exporter.tsv" line-rate="1" branch-rate="0.5">
      <classes>
        <class name="TSVExporter.svelte" filename="src\lib\exporter\tsv\TSVExporter.svelte" line-rate="1" branch-rate="0.5">
          <methods>
          </methods>
          <lines>
            <line number="4" hits="7" branch="false"/>
            <line number="7" hits="7" branch="false"/>
            <line number="9" hits="28" branch="false"/>
            <line number="10" hits="28" branch="false"/>
            <line number="13" hits="7" branch="false"/>
            <line number="16" hits="1" branch="false"/>
            <line number="17" hits="1" branch="false"/>
            <line number="19" hits="1" branch="false"/>
            <line number="20" hits="1" branch="false"/>
            <line number="21" hits="1" branch="false"/>
            <line number="22" hits="1" branch="false"/>
            <line number="26" hits="7" branch="false"/>
            <line number="27" hits="7" branch="false"/>
            <line number="30" hits="7" branch="true" condition-coverage="50% (1/2)"/>
            <line number="31" hits="1" branch="false"/>
          </lines>
        </class>
      </classes>
    </package>
    <package name="src.lib.filtering" line-rate="1" branch-rate="0.85">
      <classes>
        <class name="Filter.svelte" filename="src\lib\filtering\Filter.svelte" line-rate="1" branch-rate="0.85">
          <methods>
            <method name="(anonymous_100)" hits="6" signature="()V">
              <lines>
                <line number="42" hits="6"/>
              </lines>
            </method>
            <method name="(anonymous_101)" hits="6" signature="()V">
              <lines>
                <line number="49" hits="6"/>
              </lines>
            </method>
            <method name="(anonymous_103)" hits="9" signature="()V">
              <lines>
                <line number="55" hits="9"/>
              </lines>
            </method>
            <method name="(anonymous_109)" hits="2" signature="()V">
              <lines>
                <line number="105" hits="2"/>
              </lines>
            </method>
            <method name="(anonymous_110)" hits="2" signature="()V">
              <lines>
                <line number="113" hits="2"/>
              </lines>
            </method>
          </methods>
          <lines>
            <line number="8" hits="10" branch="false"/>
            <line number="10" hits="10" branch="false"/>
            <line number="11" hits="10" branch="false"/>
            <line number="12" hits="10" branch="false"/>
            <line number="13" hits="10" branch="false"/>
            <line number="15" hits="10" branch="false"/>
            <line number="17" hits="38" branch="true" condition-coverage="100% (2/2)"/>
            <line number="20" hits="32" branch="false"/>
            <line number="24" hits="13" branch="false"/>
            <line number="29" hits="25" branch="false"/>
            <line number="42" hits="6" branch="true" condition-coverage="100% (2/2)"/>
            <line number="49" hits="6" branch="false"/>
            <line number="55" hits="19" branch="false"/>
            <line number="57" hits="10" branch="true" condition-coverage="50% (1/2)"/>
            <line number="61" hits="10" branch="true" condition-coverage="50% (1/2)"/>
            <line number="62" hits="8" branch="false"/>
            <line number="63" hits="18" branch="false"/>
            <line number="64" hits="12" branch="false"/>
            <line number="65" hits="30" branch="true" condition-coverage="83.33333333333334% (5/6)"/>
            <line number="68" hits="8" branch="true" condition-coverage="100% (2/2)"/>
            <line number="69" hits="18" branch="false"/>
            <line number="70" hits="6" branch="false"/>
            <line number="74" hits="23" branch="true" condition-coverage="100% (2/2)"/>
            <line number="75" hits="6" branch="false"/>
            <line number="80" hits="16" branch="false"/>
            <line number="87" hits="16" branch="false"/>
            <line number="96" hits="14" branch="false"/>
            <line number="101" hits="8" branch="false"/>
            <line number="105" hits="12" branch="false"/>
            <line number="107" hits="8" branch="false"/>
            <line number="113" hits="12" branch="false"/>
            <line number="115" hits="8" branch="false"/>
          </lines>
        </class>
      </classes>
    </package>
    <package name="src.lib.graphs" line-rate="0.9062" branch-rate="0.55">
      <classes>
        <class name="GraphImageExport.svelte" filename="src\lib\graphs\GraphImageExport.svelte" line-rate="1" branch-rate="1">
          <methods>
          </methods>
          <lines>
            <line number="4" hits="29" branch="false"/>
            <line number="7" hits="29" branch="false"/>
            <line number="8" hits="29" branch="false"/>
            <line number="9" hits="29" branch="false"/>
          </lines>
        </class>
        <class name="Graphs.ts" filename="src\lib\graphs\Graphs.ts" line-rate="1" branch-rate="1">
          <methods>
          </methods>
          <lines>
            <line number="24" hits="2" branch="false"/>
          </lines>
        </class>
        <class name="SelectGraph.svelte" filename="src\lib\graphs\SelectGraph.svelte" line-rate="0.9166" branch-rate="0.6">
          <methods>
          </methods>
          <lines>
            <line number="8" hits="11" branch="false"/>
            <line number="11" hits="11" branch="false"/>
            <line number="12" hits="11" branch="false"/>
            <line number="13" hits="11" branch="false"/>
            <line number="14" hits="19" branch="true" condition-coverage="75% (3/4)"/>
            <line number="16" hits="11" branch="false"/>
            <line number="17" hits="19" branch="true" condition-coverage="75% (3/4)"/>
            <line number="20" hits="11" branch="false"/>
            <line number="21" hits="11" branch="false"/>
            <line number="22" hits="11" branch="false"/>
            <line number="23" hits="11" branch="false"/>
            <line number="24" hits="0" branch="true" condition-coverage="0% (0/2)"/>
          </lines>
        </class>
        <class name="SelectGraphButton.svelte" filename="src\lib\graphs\SelectGraphButton.svelte" line-rate="0.8332999999999999" branch-rate="0.5">
          <methods>
          </methods>
          <lines>
            <line number="7" hits="55" branch="false"/>
            <line number="10" hits="55" branch="false"/>
            <line number="12" hits="55" branch="true" condition-coverage="50% (1/2)"/>
            <line number="15" hits="4" branch="false"/>
            <line number="16" hits="4" branch="false"/>
            <line number="17" hits="4" branch="false"/>
            <line number="20" hits="4" branch="false"/>
            <line number="21" hits="4" branch="false"/>
            <line number="24" hits="0" branch="false"/>
            <line number="25" hits="0" branch="false"/>
            <line number="30" hits="55" branch="true" condition-coverage="50% (2/4)"/>
            <line number="31" hits="95" branch="true" condition-coverage="50% (2/4)"/>
          </lines>
        </class>
        <class name="Store.ts" filename="src\lib\graphs\Store.ts" line-rate="1" branch-rate="1">
          <methods>
          </methods>
          <lines>
            <line number="7" hits="2" branch="false"/>
            <line number="11" hits="2" branch="false"/>
            <line number="15" hits="2" branch="false"/>
          </lines>
        </class>
      </classes>
    </package>
    <package name="src.lib.graphs.boxplot" line-rate="1" branch-rate="0.5">
      <classes>
        <class name="Boxplot.svelte" filename="src\lib\graphs\boxplot\Boxplot.svelte" line-rate="1" branch-rate="0.5">
          <methods>
          </methods>
          <lines>
            <line number="11" hits="4" branch="false"/>
            <line number="49" hits="4" branch="false"/>
            <line number="68" hits="4" branch="false"/>
            <line number="69" hits="4" branch="false"/>
            <line number="73" hits="4" branch="true" condition-coverage="50% (1/2)"/>
            <line number="77" hits="6" branch="false"/>
            <line number="78" hits="6" branch="false"/>
            <line number="79" hits="6" branch="false"/>
            <line number="81" hits="6" branch="false"/>
            <line number="93" hits="4" branch="false"/>
            <line number="94" hits="7" branch="false"/>
          </lines>
        </class>
      </classes>
    </package>
    <package name="src.lib.graphs.histogram" line-rate="1" branch-rate="0.3333">
      <classes>
        <class name="Histogram.svelte" filename="src\lib\graphs\histogram\Histogram.svelte" line-rate="1" branch-rate="0.3333">
          <methods>
          </methods>
          <lines>
            <line number="22" hits="4" branch="false"/>
            <line number="26" hits="9" branch="false"/>
            <line number="97" hits="9" branch="false"/>
            <line number="115" hits="9" branch="false"/>
            <line number="116" hits="14" branch="false"/>
          </lines>
        </class>
      </classes>
    </package>
    <package name="src.lib.graphs.pie" line-rate="1" branch-rate="1">
      <classes>
        <class name="PieChart.svelte" filename="src\lib\graphs\pie\PieChart.svelte" line-rate="1" branch-rate="1">
          <methods>
          </methods>
          <lines>
            <line number="21" hits="7" branch="false"/>
            <line number="22" hits="7" branch="false"/>
            <line number="23" hits="6" branch="false"/>
            <line number="24" hits="42" branch="false"/>
            <line number="25" hits="42" branch="true" condition-coverage="100% (2/2)"/>
            <line number="29" hits="6" branch="false"/>
            <line number="30" hits="6" branch="false"/>
            <line number="32" hits="6" branch="false"/>
            <line number="67" hits="4" branch="false"/>
            <line number="72" hits="4" branch="false"/>
            <line number="73" hits="4" branch="false"/>
            <line number="83" hits="4" branch="false"/>
            <line number="84" hits="4" branch="false"/>
            <line number="85" hits="4" branch="false"/>
            <line number="97" hits="4" branch="false"/>
            <line number="98" hits="7" branch="false"/>
          </lines>
        </class>
      </classes>
    </package>
    <package name="src.lib.graphs.scatter" line-rate="1" branch-rate="0.1875">
      <classes>
        <class name="Scatter.svelte" filename="src\lib\graphs\scatter\Scatter.svelte" line-rate="1" branch-rate="0.1875">
          <methods>
            <method name="(anonymous_20)" hits="0" signature="()V">
              <lines>
                <line number="121" hits="0"/>
              </lines>
            </method>
            <method name="(anonymous_21)" hits="0" signature="()V">
              <lines>
                <line number="130" hits="0"/>
              </lines>
            </method>
          </methods>
          <lines>
            <line number="13" hits="12" branch="false"/>
            <line number="14" hits="12" branch="false"/>
            <line number="60" hits="12" branch="false"/>
            <line number="65" hits="15" branch="false"/>
            <line number="102" hits="15" branch="false"/>
            <line number="106" hits="12" branch="true" condition-coverage="50% (1/2)"/>
            <line number="117" hits="12" branch="false"/>
            <line number="118" hits="12" branch="false"/>
            <line number="119" hits="12" branch="false"/>
            <line number="121" hits="28" branch="true" condition-coverage="50% (1/2)"/>
            <line number="124" hits="12" branch="false"/>
            <line number="125" hits="24" branch="true" condition-coverage="0% (0/6)"/>
            <line number="128" hits="12" branch="false"/>
            <line number="130" hits="26" branch="true" condition-coverage="50% (1/2)"/>
            <line number="133" hits="12" branch="false"/>
            <line number="134" hits="24" branch="true" condition-coverage="0% (0/4)"/>
            <line number="138" hits="23" branch="false"/>
          </lines>
        </class>
      </classes>
    </package>
    <package name="src.lib.graphs.table" line-rate="1" branch-rate="0.5">
      <classes>
        <class name="Table.svelte" filename="src\lib\graphs\table\Table.svelte" line-rate="1" branch-rate="0.5">
          <methods>
            <method name="(anonymous_23)" hits="0" signature="()V">
              <lines>
                <line number="13" hits="0"/>
              </lines>
            </method>
          </methods>
          <lines>
            <line number="13" hits="7" branch="false"/>
            <line number="14" hits="7" branch="false"/>
            <line number="15" hits="7" branch="false"/>
            <line number="19" hits="28" branch="false"/>
            <line number="29" hits="7" branch="false"/>
            <line number="36" hits="7" branch="false"/>
            <line number="47" hits="11" branch="false"/>
            <line number="49" hits="14" branch="true" condition-coverage="50% (1/2)"/>
            <line number="50" hits="14" branch="true" condition-coverage="50% (1/2)"/>
          </lines>
        </class>
      </classes>
    </package>
    <package name="src.lib.importer" line-rate="1" branch-rate="0.3846">
      <classes>
        <class name="ErrorModal.svelte" filename="src\lib\importer\ErrorModal.svelte" line-rate="1" branch-rate="0.2857">
          <methods>
          </methods>
          <lines>
            <line number="8" hits="5" branch="false"/>
            <line number="12" hits="5" branch="true" condition-coverage="100% (1/1)"/>
            <line number="14" hits="5" branch="false"/>
            <line number="20" hits="2" branch="false"/>
            <line number="24" hits="5" branch="true" condition-coverage="50% (1/2)"/>
            <line number="25" hits="5" branch="false"/>
            <line number="26" hits="5" branch="true" condition-coverage="0% (0/4)"/>
            <line number="27" hits="5" branch="false"/>
          </lines>
        </class>
        <class name="Importer.svelte" filename="src\lib\importer\Importer.svelte" line-rate="1" branch-rate="0.5">
          <methods>
          </methods>
          <lines>
            <line number="11" hits="9" branch="false"/>
            <line number="18" hits="9" branch="false"/>
            <line number="26" hits="6" branch="false"/>
            <line number="29" hits="6" branch="false"/>
            <line number="30" hits="6" branch="false"/>
            <line number="31" hits="7" branch="true" condition-coverage="100% (2/2)"/>
            <line number="35" hits="5" branch="false"/>
            <line number="36" hits="2" branch="false"/>
            <line number="40" hits="2" branch="false"/>
            <line number="43" hits="2" branch="false"/>
            <line number="48" hits="1" branch="false"/>
            <line number="53" hits="1" branch="false"/>
            <line number="57" hits="9" branch="false"/>
            <line number="59" hits="9" branch="false"/>
            <line number="65" hits="9" branch="false"/>
            <line number="71" hits="9" branch="true" condition-coverage="50% (1/2)"/>
            <line number="72" hits="3" branch="true" condition-coverage="0% (0/2)"/>
          </lines>
        </class>
      </classes>
    </package>
    <package name="src.lib.importer.scripts" line-rate="1" branch-rate="1">
      <classes>
        <class name="DsvLikeParser.ts" filename="src\lib\importer\scripts\DsvLikeParser.ts" line-rate="1" branch-rate="1">
          <methods>
            <method name="ParseTsv" hits="1" signature="()V">
              <lines>
                <line number="8" hits="1"/>
              </lines>
            </method>
            <method name="ParseCsv" hits="1" signature="()V">
              <lines>
                <line number="17" hits="1"/>
              </lines>
            </method>
          </methods>
          <lines>
            <line number="9" hits="1" branch="false"/>
            <line number="18" hits="1" branch="false"/>
          </lines>
        </class>
        <class name="FileParser.ts" filename="src\lib\importer\scripts\FileParser.ts" line-rate="1" branch-rate="1">
          <methods>
            <method name="GetFileExtension" hits="17" signature="()V">
              <lines>
                <line number="12" hits="17"/>
              </lines>
            </method>
            <method name="Parse" hits="9" signature="()V">
              <lines>
                <line number="33" hits="9"/>
              </lines>
            </method>
          </methods>
          <lines>
            <line number="13" hits="17" branch="true" condition-coverage="100% (4/4)"/>
            <line number="14" hits="1" branch="false"/>
            <line number="17" hits="16" branch="false"/>
            <line number="18" hits="16" branch="false"/>
            <line number="21" hits="16" branch="true" condition-coverage="100% (4/4)"/>
            <line number="22" hits="3" branch="false"/>
            <line number="25" hits="13" branch="false"/>
            <line number="34" hits="9" branch="true" condition-coverage="100% (2/2)"/>
            <line number="35" hits="8" branch="true" condition-coverage="100% (7/7)"/>
            <line number="37" hits="1" branch="false"/>
            <line number="40" hits="2" branch="false"/>
            <line number="42" hits="1" branch="false"/>
            <line number="44" hits="1" branch="false"/>
            <line number="46" hits="1" branch="false"/>
            <line number="48" hits="2" branch="false"/>
          </lines>
        </class>
        <class name="JsonParser.ts" filename="src\lib\importer\scripts\JsonParser.ts" line-rate="1" branch-rate="1">
          <methods>
            <method name="ParseJson" hits="5" signature="()V">
              <lines>
                <line number="9" hits="5"/>
              </lines>
            </method>
            <method name="(anonymous_1)" hits="5" signature="()V">
              <lines>
                <line number="10" hits="5"/>
              </lines>
            </method>
            <method name="(anonymous_2)" hits="4" signature="()V">
              <lines>
                <line number="13" hits="4"/>
              </lines>
            </method>
            <method name="(anonymous_3)" hits="1" signature="()V">
              <lines>
                <line number="27" hits="1"/>
              </lines>
            </method>
            <method name="(anonymous_4)" hits="1" signature="()V">
              <lines>
                <line number="41" hits="1"/>
              </lines>
            </method>
          </methods>
          <lines>
            <line number="10" hits="5" branch="false"/>
            <line number="11" hits="5" branch="false"/>
            <line number="13" hits="5" branch="false"/>
            <line number="14" hits="4" branch="false"/>
            <line number="15" hits="4" branch="false"/>
            <line number="16" hits="4" branch="true" condition-coverage="100% (2/2)"/>
            <line number="17" hits="1" branch="false"/>
            <line number="20" hits="3" branch="false"/>
            <line number="22" hits="3" branch="true" condition-coverage="100% (2/2)"/>
            <line number="23" hits="1" branch="false"/>
            <line number="24" hits="2" branch="true" condition-coverage="100% (2/2)"/>
            <line number="27" hits="1" branch="false"/>
            <line number="28" hits="1" branch="false"/>
            <line number="29" hits="1" branch="false"/>
            <line number="32" hits="1" branch="false"/>
            <line number="35" hits="3" branch="false"/>
            <line number="37" hits="4" branch="false"/>
            <line number="41" hits="5" branch="false"/>
            <line number="42" hits="1" branch="false"/>
            <line number="45" hits="5" branch="false"/>
          </lines>
        </class>
        <class name="XlsParser.ts" filename="src\lib\importer\scripts\XlsParser.ts" line-rate="1" branch-rate="1">
          <methods>
            <method name="ParseXls" hits="5" signature="()V">
              <lines>
                <line number="12" hits="5"/>
              </lines>
            </method>
            <method name="(anonymous_1)" hits="5" signature="()V">
              <lines>
                <line number="14" hits="5"/>
              </lines>
            </method>
            <method name="(anonymous_2)" hits="4" signature="()V">
              <lines>
                <line number="18" hits="4"/>
              </lines>
            </method>
            <method name="(anonymous_3)" hits="2" signature="()V">
              <lines>
                <line number="37" hits="2"/>
              </lines>
            </method>
            <method name="(anonymous_4)" hits="1" signature="()V">
              <lines>
                <line number="50" hits="1"/>
              </lines>
            </method>
          </methods>
          <lines>
            <line number="14" hits="5" branch="false"/>
            <line number="15" hits="5" branch="false"/>
            <line number="18" hits="5" branch="false"/>
            <line number="19" hits="4" branch="false"/>
            <line number="21" hits="4" branch="false"/>
            <line number="22" hits="4" branch="true" condition-coverage="100% (2/2)"/>
            <line number="23" hits="1" branch="false"/>
            <line number="27" hits="4" branch="false"/>
            <line number="30" hits="4" branch="false"/>
            <line number="31" hits="2" branch="false"/>
            <line number="34" hits="2" branch="false"/>
            <line number="37" hits="2" branch="true" condition-coverage="100% (4/4)"/>
            <line number="39" hits="1" branch="false"/>
            <line number="41" hits="1" branch="false"/>
            <line number="45" hits="2" branch="false"/>
            <line number="50" hits="5" branch="false"/>
            <line number="51" hits="1" branch="false"/>
            <line number="55" hits="5" branch="false"/>
          </lines>
        </class>
      </classes>
    </package>
    <package name="src.lib.shared-components" line-rate="0.84" branch-rate="0.6774">
      <classes>
        <class name="Footer.svelte" filename="src\lib\shared-components\Footer.svelte" line-rate="1" branch-rate="1">
          <methods>
          </methods>
          <lines>
            <line number="7" hits="36" branch="false"/>
          </lines>
        </class>
        <class name="NavBar.svelte" filename="src\lib\shared-components\NavBar.svelte" line-rate="0.8332999999999999" branch-rate="0.6774">
          <methods>
          </methods>
          <lines>
            <line number="9" hits="44" branch="true" condition-coverage="100% (1/1)"/>
            <line number="13" hits="44" branch="false"/>
            <line number="18" hits="44" branch="true" condition-coverage="50% (1/2)"/>
            <line number="19" hits="44" branch="false"/>
            <line number="20" hits="44" branch="false"/>
            <line number="24" hits="44" branch="false"/>
            <line number="29" hits="0" branch="true" condition-coverage="66.66666666666666% (4/6)"/>
            <line number="32" hits="44" branch="false"/>
            <line number="35" hits="0" branch="true" condition-coverage="50% (2/4)"/>
            <line number="38" hits="44" branch="false"/>
            <line number="41" hits="0" branch="true" condition-coverage="50% (2/4)"/>
            <line number="44" hits="44" branch="false"/>
            <line number="47" hits="0" branch="true" condition-coverage="50% (2/4)"/>
            <line number="50" hits="44" branch="false"/>
            <line number="54" hits="44" branch="false"/>
            <line number="55" hits="44" branch="true" condition-coverage="100% (4/4)"/>
            <line number="56" hits="15" branch="false"/>
            <line number="57" hits="29" branch="true" condition-coverage="100% (2/2)"/>
            <line number="58" hits="16" branch="false"/>
            <line number="59" hits="13" branch="true" condition-coverage="100% (2/2)"/>
            <line number="60" hits="6" branch="false"/>
            <line number="61" hits="7" branch="true" condition-coverage="50% (1/2)"/>
            <line number="62" hits="7" branch="false"/>
            <line number="66" hits="44" branch="false"/>
          </lines>
        </class>
      </classes>
    </package>
    <package name="src.lib.statistics-selector" line-rate="1" branch-rate="0.1">
      <classes>
        <class name="StatisticsSelector.svelte" filename="src\lib\statistics-selector\StatisticsSelector.svelte" line-rate="1" branch-rate="0.1">
          <methods>
          </methods>
          <lines>
            <line number="6" hits="9" branch="false"/>
            <line number="10" hits="9" branch="false"/>
            <line number="14" hits="9" branch="false"/>
            <line number="17" hits="9" branch="false"/>
            <line number="18" hits="16" branch="false"/>
            <line number="19" hits="6" branch="false"/>
            <line number="21" hits="6" branch="true" condition-coverage="0% (0/2)"/>
            <line number="23" hits="6" branch="true" condition-coverage="0% (0/2)"/>
            <line number="24" hits="6" branch="true" condition-coverage="50% (1/2)"/>
            <line number="25" hits="6" branch="false"/>
            <line number="26" hits="6" branch="true" condition-coverage="0% (0/4)"/>
            <line number="27" hits="6" branch="false"/>
            <line number="29" hits="6" branch="true" condition-coverage="0% (0/2)"/>
            <line number="31" hits="6" branch="true" condition-coverage="0% (0/2)"/>
            <line number="32" hits="6" branch="true" condition-coverage="50% (1/2)"/>
            <line number="33" hits="6" branch="false"/>
            <line number="34" hits="6" branch="true" condition-coverage="0% (0/4)"/>
            <line number="36" hits="6" branch="false"/>
          </lines>
        </class>
      </classes>
    </package>
    <package name="src.lib.subgroup-controller" line-rate="1" branch-rate="0.9826999999999999">
      <classes>
        <class name="SubgroupController.ts" filename="src\lib\subgroup-controller\SubgroupController.ts" line-rate="1" branch-rate="0.9826999999999999">
          <methods>
            <method name="getParamLabel" hits="78" signature="()V">
              <lines>
                <line number="36" hits="78"/>
              </lines>
            </method>
            <method name="compareElementsOfCombinedArray" hits="55" signature="()V">
              <lines>
                <line number="69" hits="55"/>
              </lines>
            </method>
            <method name="transpose" hits="4" signature="()V">
              <lines>
                <line number="110" hits="4"/>
              </lines>
            </method>
            <method name="getFrequenciesAndValues" hits="21" signature="()V">
              <lines>
                <line number="135" hits="21"/>
              </lines>
            </method>
            <method name="(anonymous_4)" hits="78" signature="()V">
              <lines>
                <line number="149" hits="78"/>
              </lines>
            </method>
            <method name="calculateAxis" hits="17" signature="()V">
              <lines>
                <line number="196" hits="17"/>
              </lines>
            </method>
            <method name="(anonymous_6)" hits="23" signature="()V">
              <lines>
                <line number="211" hits="23"/>
              </lines>
            </method>
            <method name="(anonymous_7)" hits="2" signature="()V">
              <lines>
                <line number="220" hits="2"/>
              </lines>
            </method>
            <method name="(anonymous_8)" hits="6" signature="()V">
              <lines>
                <line number="224" hits="6"/>
              </lines>
            </method>
            <method name="sortParallelArrays" hits="34" signature="()V">
              <lines>
                <line number="243" hits="34"/>
              </lines>
            </method>
            <method name="isColumnFrequency" hits="13" signature="()V">
              <lines>
                <line number="267" hits="13"/>
              </lines>
            </method>
            <method name="nameWithSum" hits="4" signature="()V">
              <lines>
                <line number="276" hits="4"/>
              </lines>
            </method>
            <method name="nameWithMean" hits="2" signature="()V">
              <lines>
                <line number="285" hits="2"/>
              </lines>
            </method>
            <method name="getTableHeaders" hits="4" signature="()V">
              <lines>
                <line number="296" hits="4"/>
              </lines>
            </method>
            <method name="getTableInfo" hits="19" signature="()V">
              <lines>
                <line number="329" hits="19"/>
              </lines>
            </method>
            <method name="(anonymous_15)" hits="8" signature="()V">
              <lines>
                <line number="351" hits="8"/>
              </lines>
            </method>
            <method name="(anonymous_16)" hits="8" signature="()V">
              <lines>
                <line number="352" hits="8"/>
              </lines>
            </method>
            <method name="(anonymous_17)" hits="2" signature="()V">
              <lines>
                <line number="365" hits="2"/>
              </lines>
            </method>
            <method name="(anonymous_18)" hits="4" signature="()V">
              <lines>
                <line number="371" hits="4"/>
              </lines>
            </method>
            <method name="(anonymous_19)" hits="2" signature="()V">
              <lines>
                <line number="378" hits="2"/>
              </lines>
            </method>
          </methods>
          <lines>
            <line number="12" hits="9" branch="false"/>
            <line number="17" hits="9" branch="false"/>
            <line number="22" hits="9" branch="false"/>
            <line number="27" hits="9" branch="false"/>
            <line number="37" hits="78" branch="false"/>
            <line number="39" hits="78" branch="true" condition-coverage="100% (4/4)"/>
            <line number="40" hits="2" branch="false"/>
            <line number="43" hits="76" branch="true" condition-coverage="100% (2/2)"/>
            <line number="45" hits="76" branch="true" condition-coverage="100% (2/2)"/>
            <line number="46" hits="65" branch="false"/>
            <line number="49" hits="11" branch="false"/>
            <line number="51" hits="11" branch="true" condition-coverage="100% (2/2)"/>
            <line number="52" hits="6" branch="false"/>
            <line number="55" hits="5" branch="false"/>
            <line number="56" hits="5" branch="false"/>
            <line number="57" hits="5" branch="false"/>
            <line number="59" hits="5" branch="false"/>
            <line number="70" hits="55" branch="false"/>
            <line number="71" hits="55" branch="false"/>
            <line number="72" hits="55" branch="false"/>
            <line number="76" hits="55" branch="true" condition-coverage="100% (2/2)"/>
            <line number="77" hits="71" branch="false"/>
            <line number="79" hits="71" branch="true" condition-coverage="100% (4/4)"/>
            <line number="81" hits="11" branch="false"/>
            <line number="82" hits="11" branch="false"/>
            <line number="85" hits="60" branch="true" condition-coverage="100% (4/4)"/>
            <line number="88" hits="4" branch="false"/>
            <line number="89" hits="4" branch="false"/>
            <line number="93" hits="4" branch="false"/>
            <line number="94" hits="4" branch="false"/>
            <line number="98" hits="56" branch="false"/>
            <line number="102" hits="55" branch="false"/>
            <line number="111" hits="4" branch="false"/>
            <line number="112" hits="4" branch="false"/>
            <line number="113" hits="4" branch="false"/>
            <line number="117" hits="4" branch="false"/>
            <line number="118" hits="8" branch="false"/>
            <line number="119" hits="8" branch="false"/>
            <line number="120" hits="16" branch="false"/>
            <line number="124" hits="4" branch="false"/>
            <line number="141" hits="21" branch="false"/>
            <line number="142" hits="21" branch="false"/>
            <line number="145" hits="21" branch="false"/>
            <line number="148" hits="74" branch="false"/>
            <line number="149" hits="78" branch="false"/>
            <line number="153" hits="74" branch="false"/>
            <line number="154" hits="74" branch="false"/>
            <line number="155" hits="74" branch="true" condition-coverage="100% (2/2)"/>
            <line number="157" hits="32" branch="false"/>
            <line number="158" hits="42" branch="true" condition-coverage="100% (2/2)"/>
            <line number="160" hits="6" branch="false"/>
            <line number="163" hits="36" branch="false"/>
            <line number="165" hits="36" branch="true" condition-coverage="100% (2/2)"/>
            <line number="167" hits="6" branch="false"/>
            <line number="171" hits="68" branch="true" condition-coverage="100% (2/2)"/>
            <line number="172" hits="14" branch="false"/>
            <line number="177" hits="68" branch="true" condition-coverage="100% (2/2)"/>
            <line number="180" hits="68" branch="false"/>
            <line number="184" hits="21" branch="false"/>
            <line number="203" hits="17" branch="false"/>
            <line number="206" hits="17" branch="true" condition-coverage="100% (2/2)"/>
            <line number="209" hits="17" branch="false"/>
            <line number="211" hits="23" branch="false"/>
            <line number="213" hits="17" branch="true" condition-coverage="100% (2/2)"/>
            <line number="214" hits="13" branch="false"/>
            <line number="216" hits="4" branch="true" condition-coverage="100% (2/2)"/>
            <line number="217" hits="1" branch="false"/>
            <line number="218" hits="1" branch="false"/>
            <line number="220" hits="2" branch="false"/>
            <line number="224" hits="6" branch="false"/>
            <line number="226" hits="3" branch="true" condition-coverage="100% (2/2)"/>
            <line number="228" hits="2" branch="false"/>
            <line number="229" hits="4" branch="false"/>
            <line number="233" hits="3" branch="false"/>
            <line number="244" hits="34" branch="false"/>
            <line number="245" hits="34" branch="false"/>
            <line number="246" hits="63" branch="false"/>
            <line number="249" hits="34" branch="false"/>
            <line number="251" hits="34" branch="false"/>
            <line number="252" hits="34" branch="false"/>
            <line number="254" hits="34" branch="false"/>
            <line number="255" hits="63" branch="false"/>
            <line number="256" hits="63" branch="false"/>
            <line number="259" hits="34" branch="false"/>
            <line number="268" hits="13" branch="true" condition-coverage="100% (2/2)"/>
            <line number="277" hits="4" branch="false"/>
            <line number="286" hits="2" branch="false"/>
            <line number="301" hits="4" branch="false"/>
            <line number="303" hits="4" branch="false"/>
            <line number="304" hits="4" branch="true" condition-coverage="100% (2/2)"/>
            <line number="305" hits="1" branch="false"/>
            <line number="306" hits="1" branch="false"/>
            <line number="308" hits="3" branch="true" condition-coverage="100% (2/2)"/>
            <line number="309" hits="2" branch="false"/>
            <line number="311" hits="3" branch="true" condition-coverage="100% (2/2)"/>
            <line number="312" hits="1" branch="false"/>
            <line number="316" hits="4" branch="false"/>
            <line number="337" hits="19" branch="true" condition-coverage="100% (4/4)"/>
            <line number="338" hits="15" branch="false"/>
            <line number="341" hits="4" branch="false"/>
            <line number="345" hits="4" branch="false"/>
            <line number="347" hits="4" branch="false"/>
            <line number="349" hits="4" branch="false"/>
            <line number="351" hits="8" branch="false"/>
            <line number="352" hits="8" branch="false"/>
            <line number="355" hits="4" branch="false"/>
            <line number="356" hits="4" branch="false"/>
            <line number="358" hits="4" branch="true" condition-coverage="50% (1/2)"/>
            <line number="360" hits="4" branch="false"/>
            <line number="363" hits="4" branch="true" condition-coverage="100% (2/2)"/>
            <line number="365" hits="2" branch="false"/>
            <line number="366" hits="1" branch="false"/>
            <line number="369" hits="3" branch="true" condition-coverage="100% (2/2)"/>
            <line number="371" hits="4" branch="false"/>
            <line number="373" hits="3" branch="true" condition-coverage="100% (2/2)"/>
            <line number="375" hits="1" branch="false"/>
            <line number="376" hits="2" branch="false"/>
            <line number="378" hits="2" branch="false"/>
            <line number="382" hits="4" branch="false"/>
            <line number="383" hits="4" branch="false"/>
            <line number="385" hits="4" branch="false"/>
          </lines>
        </class>
      </classes>
    </package>
    <package name="src.lib.table" line-rate="1" branch-rate="0.909">
      <classes>
        <class name="Table.svelte" filename="src\lib\table\Table.svelte" line-rate="1" branch-rate="0.8665999999999999">
          <methods>
            <method name="(anonymous_30)" hits="38" signature="()V">
              <lines>
                <line number="26" hits="38"/>
              </lines>
            </method>
            <method name="(anonymous_100)" hits="4" signature="()V">
              <lines>
                <line number="32" hits="4"/>
              </lines>
            </method>
            <method name="(anonymous_101)" hits="1" signature="()V">
              <lines>
                <line number="38" hits="1"/>
              </lines>
            </method>
          </methods>
          <lines>
            <line number="16" hits="28" branch="false"/>
            <line number="20" hits="28" branch="false"/>
            <line number="23" hits="10" branch="true" condition-coverage="100% (2/2)"/>
            <line number="26" hits="47" branch="false"/>
            <line number="28" hits="15" branch="false"/>
            <line number="29" hits="15" branch="false"/>
            <line number="32" hits="10" branch="false"/>
            <line number="33" hits="15" branch="true" condition-coverage="66.66666666666666% (2/3)"/>
            <line number="34" hits="15" branch="true" condition-coverage="100% (2/2)"/>
            <line number="36" hits="15" branch="false"/>
            <line number="38" hits="11" branch="false"/>
            <line number="39" hits="15" branch="true" condition-coverage="100% (2/2)"/>
            <line number="40" hits="15" branch="false"/>
            <line number="47" hits="13" branch="false"/>
            <line number="49" hits="20" branch="false"/>
            <line number="53" hits="22" branch="true" condition-coverage="50% (1/2)"/>
            <line number="55" hits="36" branch="true" condition-coverage="100% (4/4)"/>
          </lines>
        </class>
        <class name="TableController.ts" filename="src\lib\table\TableController.ts" line-rate="1" branch-rate="1">
          <methods>
            <method name="columnValueChanged" hits="4" signature="()V">
              <lines>
                <line number="9" hits="4"/>
              </lines>
            </method>
            <method name="removeColumn" hits="1" signature="()V">
              <lines>
                <line number="33" hits="1"/>
              </lines>
            </method>
          </methods>
          <lines>
            <line number="10" hits="4" branch="false"/>
            <line number="11" hits="4" branch="false"/>
            <line number="12" hits="4" branch="false"/>
            <line number="14" hits="4" branch="true" condition-coverage="100% (2/2)"/>
            <line number="22" hits="2" branch="false"/>
            <line number="23" hits="2" branch="false"/>
            <line number="26" hits="2" branch="false"/>
            <line number="34" hits="1" branch="false"/>
          </lines>
        </class>
      </classes>
    </package>
    <package name="src.lib.utils" line-rate="1" branch-rate="1">
      <classes>
        <class name="CanvasUtils.ts" filename="src\lib\utils\CanvasUtils.ts" line-rate="1" branch-rate="1">
          <methods>
            <method name="setColor" hits="2" signature="()V">
              <lines>
                <line number="8" hits="2"/>
              </lines>
            </method>
          </methods>
          <lines>
            <line number="9" hits="2" branch="false"/>
            <line number="10" hits="2" branch="false"/>
            <line number="11" hits="2" branch="false"/>
            <line number="12" hits="2" branch="true" condition-coverage="100% (2/2)"/>
            <line number="13" hits="2" branch="false"/>
            <line number="14" hits="2" branch="false"/>
          </lines>
        </class>
        <class name="DataFrameUtils.ts" filename="src\lib\utils\DataFrameUtils.ts" line-rate="1" branch-rate="1">
          <methods>
            <method name="hasMissingValues" hits="27" signature="()V">
              <lines>
                <line number="8" hits="27"/>
              </lines>
            </method>
            <method name="rowWiseMerge" hits="2" signature="()V">
              <lines>
                <line number="31" hits="2"/>
              </lines>
            </method>
            <method name="(anonymous_2)" hits="4" signature="()V">
              <lines>
                <line number="37" hits="4"/>
              </lines>
            </method>
          </methods>
          <lines>
            <line number="9" hits="27" branch="false"/>
            <line number="10" hits="27" branch="false"/>
            <line number="11" hits="27" branch="false"/>
            <line number="12" hits="36" branch="false"/>
            <line number="13" hits="85" branch="true" condition-coverage="100% (2/2)"/>
            <line number="18" hits="7" branch="false"/>
            <line number="22" hits="27" branch="false"/>
            <line number="32" hits="2" branch="false"/>
            <line number="34" hits="2" branch="false"/>
            <line number="35" hits="2" branch="false"/>
            <line number="37" hits="2" branch="false"/>
            <line number="38" hits="4" branch="false"/>
            <line number="39" hits="4" branch="false"/>
            <line number="42" hits="2" branch="false"/>
          </lines>
        </class>
        <class name="SessionLoad.ts" filename="src\lib\utils\SessionLoad.ts" line-rate="1" branch-rate="1">
          <methods>
            <method name="loadSession" hits="18" signature="()V">
              <lines>
                <line number="8" hits="18"/>
              </lines>
            </method>
          </methods>
          <lines>
            <line number="9" hits="18" branch="false"/>
            <line number="10" hits="18" branch="true" condition-coverage="100% (2/2)"/>
            <line number="12" hits="18" branch="true" condition-coverage="100% (2/2)"/>
            <line number="14" hits="7" branch="false"/>
            <line number="16" hits="7" branch="false"/>
            <line number="17" hits="7" branch="false"/>
          </lines>
        </class>
      </classes>
    </package>
    <package name="src.lib.warning-generator" line-rate="1" branch-rate="0.2777">
      <classes>
        <class name="WarningGenerator.svelte" filename="src\lib\warning-generator\WarningGenerator.svelte" line-rate="1" branch-rate="0.2777">
          <methods>
          </methods>
          <lines>
            <line number="9" hits="46" branch="false"/>
            <line number="14" hits="46" branch="false"/>
            <line number="18" hits="46" branch="false"/>
            <line number="23" hits="46" branch="false"/>
            <line number="27" hits="46" branch="false"/>
            <line number="29" hits="46" branch="false"/>
            <line number="32" hits="46" branch="false"/>
            <line number="33" hits="46" branch="true" condition-coverage="100% (2/2)"/>
            <line number="34" hits="26" branch="false"/>
            <line number="35" hits="6" branch="false"/>
            <line number="36" hits="6" branch="false"/>
            <line number="40" hits="46" branch="true" condition-coverage="50% (1/2)"/>
            <line number="41" hits="7" branch="false"/>
            <line number="42" hits="7" branch="true" condition-coverage="0% (0/6)"/>
            <line number="45" hits="46" branch="true" condition-coverage="100% (2/2)"/>
            <line number="46" hits="13" branch="false"/>
            <line number="47" hits="13" branch="true" condition-coverage="0% (0/6)"/>
          </lines>
        </class>
      </classes>
    </package>
    <package name="src.routes" line-rate="1" branch-rate="0.875">
      <classes>
        <class name="+layout.ts" filename="src\routes\+layout.ts" line-rate="1" branch-rate="1">
          <methods>
          </methods>
          <lines>
            <line number="5" hits="1" branch="false"/>
          </lines>
        </class>
        <class name="+page.svelte" filename="src\routes\+page.svelte" line-rate="1" branch-rate="0.875">
          <methods>
            <method name="(anonymous_26)" hits="0" signature="()V">
              <lines>
                <line number="58" hits="0"/>
              </lines>
            </method>
          </methods>
          <lines>
            <line number="11" hits="8" branch="false"/>
            <line number="18" hits="14" branch="false"/>
            <line number="19" hits="14" branch="true" condition-coverage="100% (2/2)"/>
            <line number="20" hits="14" branch="false"/>
            <line number="22" hits="14" branch="true" condition-coverage="100% (2/2)"/>
            <line number="23" hits="14" branch="false"/>
            <line number="24" hits="14" branch="false"/>
            <line number="33" hits="16" branch="false"/>
            <line number="34" hits="16" branch="false"/>
            <line number="36" hits="16" branch="true" condition-coverage="100% (2/2)"/>
            <line number="37" hits="16" branch="false"/>
            <line number="39" hits="16" branch="false"/>
            <line number="44" hits="8" branch="false"/>
            <line number="47" hits="8" branch="false"/>
            <line number="48" hits="8" branch="false"/>
            <line number="50" hits="8" branch="false"/>
            <line number="51" hits="8" branch="true" condition-coverage="50% (1/2)"/>
            <line number="54" hits="8" branch="false"/>
            <line number="55" hits="8" branch="false"/>
            <line number="56" hits="8" branch="false"/>
            <line number="58" hits="8" branch="false"/>
            <line number="64" hits="8" branch="false"/>
            <line number="66" hits="30" branch="false"/>
            <line number="67" hits="8" branch="false"/>
            <line number="71" hits="8" branch="false"/>
            <line number="72" hits="8" branch="false"/>
            <line number="75" hits="8" branch="false"/>
            <line number="76" hits="8" branch="false"/>
            <line number="77" hits="8" branch="false"/>
            <line number="78" hits="8" branch="false"/>
            <line number="80" hits="8" branch="false"/>
            <line number="81" hits="8" branch="false"/>
            <line number="82" hits="8" branch="false"/>
            <line number="84" hits="8" branch="false"/>
            <line number="85" hits="8" branch="false"/>
            <line number="86" hits="8" branch="false"/>
          </lines>
        </class>
      </classes>
    </package>
    <package name="src.routes.modify" line-rate="1" branch-rate="0.6333">
      <classes>
        <class name="+page.svelte" filename="src\routes\modify\+page.svelte" line-rate="1" branch-rate="0.6333">
          <methods>
            <method name="(anonymous_19)" hits="4" signature="()V">
              <lines>
                <line number="129" hits="4"/>
              </lines>
            </method>
            <method name="(anonymous_20)" hits="4" signature="()V">
              <lines>
                <line number="138" hits="4"/>
              </lines>
            </method>
            <method name="(anonymous_85)" hits="8" signature="()V">
              <lines>
                <line number="166" hits="8"/>
              </lines>
            </method>
            <method name="(anonymous_89)" hits="1" signature="()V">
              <lines>
                <line number="18" hits="1"/>
              </lines>
            </method>
            <method name="(anonymous_90)" hits="1" signature="()V">
              <lines>
                <line number="19" hits="1"/>
              </lines>
            </method>
          </methods>
          <lines>
            <line number="16" hits="44" branch="false"/>
            <line number="17" hits="44" branch="false"/>
            <line number="18" hits="44" branch="false"/>
            <line number="19" hits="1" branch="false"/>
            <line number="29" hits="12" branch="false"/>
            <line number="37" hits="2" branch="false"/>
            <line number="44" hits="1" branch="false"/>
            <line number="53" hits="1" branch="false"/>
            <line number="60" hits="2" branch="false"/>
            <line number="62" hits="1" branch="false"/>
            <line number="64" hits="2" branch="false"/>
            <line number="69" hits="12" branch="false"/>
            <line number="72" hits="12" branch="false"/>
            <line number="74" hits="12" branch="false"/>
            <line number="75" hits="12" branch="false"/>
            <line number="76" hits="12" branch="true" condition-coverage="100% (2/2)"/>
            <line number="77" hits="1" branch="false"/>
            <line number="78" hits="1" branch="false"/>
            <line number="79" hits="1" branch="true" condition-coverage="0% (0/4)"/>
            <line number="81" hits="1" branch="false"/>
            <line number="83" hits="1" branch="false"/>
            <line number="92" hits="12" branch="false"/>
            <line number="94" hits="12" branch="false"/>
            <line number="101" hits="12" branch="false"/>
            <line number="104" hits="12" branch="false"/>
            <line number="106" hits="12" branch="true" condition-coverage="50% (1/2)"/>
            <line number="112" hits="12" branch="false"/>
            <line number="113" hits="12" branch="true" condition-coverage="50% (1/2)"/>
            <line number="114" hits="4" branch="false"/>
            <line number="115" hits="4" branch="false"/>
            <line number="116" hits="4" branch="true" condition-coverage="50% (1/2)"/>
            <line number="122" hits="1" branch="false"/>
            <line number="123" hits="1" branch="false"/>
            <line number="125" hits="1" branch="false"/>
            <line number="127" hits="4" branch="false"/>
            <line number="129" hits="19" branch="true" condition-coverage="50% (1/2)"/>
            <line number="132" hits="11" branch="false"/>
            <line number="133" hits="29" branch="true" condition-coverage="83.33333333333334% (5/6)"/>
            <line number="136" hits="4" branch="false"/>
            <line number="138" hits="16" branch="true" condition-coverage="50% (1/2)"/>
            <line number="141" hits="8" branch="false"/>
            <line number="142" hits="24" branch="true" condition-coverage="83.33333333333334% (5/6)"/>
            <line number="147" hits="4" branch="false"/>
            <line number="148" hits="4" branch="false"/>
            <line number="150" hits="4" branch="true" condition-coverage="100% (2/2)"/>
            <line number="153" hits="4" branch="false"/>
            <line number="154" hits="4" branch="false"/>
            <line number="161" hits="12" branch="false"/>
            <line number="162" hits="12" branch="false"/>
            <line number="165" hits="12" branch="false"/>
            <line number="166" hits="12" branch="false"/>
          </lines>
        </class>
      </classes>
    </package>
    <package name="src.routes.previous" line-rate="1" branch-rate="0.8">
      <classes>
        <class name="+page.svelte" filename="src\routes\previous\+page.svelte" line-rate="1" branch-rate="0.8">
          <methods>
            <method name="(anonymous_63)" hits="3" signature="()V">
              <lines>
                <line number="121" hits="3"/>
              </lines>
            </method>
            <method name="(anonymous_64)" hits="1" signature="()V">
              <lines>
                <line number="125" hits="1"/>
              </lines>
            </method>
          </methods>
          <lines>
            <line number="11" hits="11" branch="false"/>
            <line number="18" hits="11" branch="false"/>
            <line number="19" hits="11" branch="true" condition-coverage="100% (2/2)"/>
            <line number="20" hits="11" branch="false"/>
            <line number="21" hits="11" branch="false"/>
            <line number="31" hits="3" branch="false"/>
            <line number="32" hits="3" branch="true" condition-coverage="100% (2/2)"/>
            <line number="35" hits="2" branch="false"/>
            <line number="36" hits="2" branch="true" condition-coverage="100% (2/2)"/>
            <line number="37" hits="2" branch="false"/>
            <line number="38" hits="2" branch="true" condition-coverage="100% (2/2)"/>
            <line number="39" hits="2" branch="false"/>
            <line number="43" hits="1" branch="false"/>
            <line number="45" hits="1" branch="false"/>
            <line number="46" hits="1" branch="false"/>
            <line number="47" hits="1" branch="false"/>
            <line number="49" hits="1" branch="false"/>
            <line number="59" hits="2" branch="false"/>
            <line number="60" hits="2" branch="false"/>
            <line number="61" hits="2" branch="false"/>
            <line number="62" hits="2" branch="false"/>
            <line number="71" hits="1" branch="true" condition-coverage="50% (1/2)"/>
            <line number="72" hits="1" branch="false"/>
            <line number="73" hits="1" branch="false"/>
            <line number="74" hits="1" branch="false"/>
            <line number="78" hits="11" branch="false"/>
            <line number="79" hits="11" branch="false"/>
            <line number="80" hits="11" branch="false"/>
            <line number="82" hits="11" branch="true" condition-coverage="50% (1/2)"/>
            <line number="86" hits="11" branch="false"/>
            <line number="87" hits="11" branch="false"/>
            <line number="89" hits="11" branch="true" condition-coverage="50% (1/2)"/>
            <line number="97" hits="1" branch="false"/>
            <line number="98" hits="1" branch="false"/>
            <line number="100" hits="1" branch="false"/>
            <line number="104" hits="11" branch="false"/>
            <line number="105" hits="11" branch="false"/>
            <line number="106" hits="11" branch="false"/>
            <line number="107" hits="11" branch="false"/>
            <line number="108" hits="11" branch="false"/>
            <line number="111" hits="27" branch="true" condition-coverage="100% (2/2)"/>
            <line number="112" hits="7" branch="false"/>
            <line number="116" hits="9" branch="false"/>
            <line number="117" hits="14" branch="false"/>
            <line number="120" hits="14" branch="false"/>
            <line number="121" hits="16" branch="true" condition-coverage="75% (3/4)"/>
            <line number="122" hits="14" branch="false"/>
            <line number="125" hits="12" branch="false"/>
            <line number="131" hits="13" branch="false"/>
            <line number="136" hits="11" branch="false"/>
          </lines>
        </class>
      </classes>
    </package>
    <package name="src.routes.select" line-rate="1" branch-rate="0.5">
      <classes>
        <class name="+page.svelte" filename="src\routes\select\+page.svelte" line-rate="1" branch-rate="0.5">
          <methods>
          </methods>
          <lines>
            <line number="15" hits="2" branch="false"/>
            <line number="20" hits="2" branch="false"/>
            <line number="23" hits="2" branch="false"/>
            <line number="25" hits="2" branch="false"/>
            <line number="26" hits="2" branch="false"/>
            <line number="35" hits="2" branch="false"/>
            <line number="37" hits="2" branch="true" condition-coverage="50% (1/2)"/>
          </lines>
        </class>
      </classes>
    </package>
    <package name="src.routes.view" line-rate="1" branch-rate="0.75">
      <classes>
        <class name="+page.svelte" filename="src\routes\view\+page.svelte" line-rate="1" branch-rate="0.75">
          <methods>
          </methods>
          <lines>
            <line number="15" hits="4" branch="false"/>
            <line number="17" hits="4" branch="false"/>
            <line number="22" hits="3" branch="false"/>
            <line number="25" hits="3" branch="false"/>
            <line number="27" hits="3" branch="false"/>
            <line number="30" hits="4" branch="true" condition-coverage="100% (2/2)"/>
            <line number="31" hits="2" branch="false"/>
            <line number="32" hits="2" branch="true" condition-coverage="50% (1/2)"/>
            <line number="35" hits="1" branch="false"/>
            <line number="36" hits="1" branch="false"/>
          </lines>
        </class>
      </classes>
    </package>
  </packages>
</coverage>
